<?xml version="1.0" encoding="UTF-8"?>
<testng-results ignored="0" total="9" passed="9" failed="0" skipped="0">
  <reporter-output>
  </reporter-output>
  <suite started-at="2021-11-27T12:01:43 IST" name="Suite" finished-at="2021-11-27T12:01:43 IST" duration-ms="219">
    <groups>
    </groups>
    <test started-at="2021-11-27T12:01:43 IST" name="Test" finished-at="2021-11-27T12:01:43 IST" duration-ms="219">
      <class name="com.qa.orange.parallel.TestClass2">
        <test-method signature="testMethod1()[pri:0, instance:com.qa.orange.parallel.TestClass2@17497425]" started-at="2021-11-27T12:01:43 IST" name="testMethod1" finished-at="2021-11-27T12:01:43 IST" duration-ms="22" status="PASS">
          <reporter-output>
          </reporter-output>
        </test-method> <!-- testMethod1 -->
        <test-method signature="testMethod2()[pri:0, instance:com.qa.orange.parallel.TestClass2@17497425]" started-at="2021-11-27T12:01:43 IST" name="testMethod2" finished-at="2021-11-27T12:01:43 IST" duration-ms="2" status="PASS">
          <reporter-output>
          </reporter-output>
        </test-method> <!-- testMethod2 -->
        <test-method signature="testMethod3()[pri:0, instance:com.qa.orange.parallel.TestClass2@17497425]" started-at="2021-11-27T12:01:43 IST" name="testMethod3" finished-at="2021-11-27T12:01:43 IST" duration-ms="2" status="PASS">
          <reporter-output>
          </reporter-output>
        </test-method> <!-- testMethod3 -->
      </class> <!-- com.qa.orange.parallel.TestClass2 -->
      <class name="com.qa.orange.parallel.TestClass3">
        <test-method signature="testMethod1()[pri:0, instance:com.qa.orange.parallel.TestClass3@ffaa6af]" started-at="2021-11-27T12:01:43 IST" name="testMethod1" finished-at="2021-11-27T12:01:43 IST" duration-ms="42" status="PASS">
          <reporter-output>
          </reporter-output>
        </test-method> <!-- testMethod1 -->
        <test-method signature="testMethod2()[pri:0, instance:com.qa.orange.parallel.TestClass3@ffaa6af]" started-at="2021-11-27T12:01:43 IST" name="testMethod2" finished-at="2021-11-27T12:01:43 IST" duration-ms="2" status="PASS">
          <reporter-output>
          </reporter-output>
        </test-method> <!-- testMethod2 -->
        <test-method signature="testMethod3()[pri:0, instance:com.qa.orange.parallel.TestClass3@ffaa6af]" started-at="2021-11-27T12:01:43 IST" name="testMethod3" finished-at="2021-11-27T12:01:43 IST" duration-ms="1" status="PASS">
          <reporter-output>
          </reporter-output>
        </test-method> <!-- testMethod3 -->
      </class> <!-- com.qa.orange.parallel.TestClass3 -->
      <class name="com.qa.orange.parallel.TestClass1">
        <test-method signature="testMethod1()[pri:0, instance:com.qa.orange.parallel.TestClass1@74751b3]" started-at="2021-11-27T12:01:43 IST" name="testMethod1" finished-at="2021-11-27T12:01:43 IST" duration-ms="94" status="PASS">
          <reporter-output>
          </reporter-output>
        </test-method> <!-- testMethod1 -->
        <test-method signature="testMethod2()[pri:0, instance:com.qa.orange.parallel.TestClass1@74751b3]" started-at="2021-11-27T12:01:43 IST" name="testMethod2" finished-at="2021-11-27T12:01:43 IST" duration-ms="1" status="PASS">
          <reporter-output>
          </reporter-output>
        </test-method> <!-- testMethod2 -->
        <test-method signature="testMethod3()[pri:0, instance:com.qa.orange.parallel.TestClass1@74751b3]" started-at="2021-11-27T12:01:43 IST" name="testMethod3" finished-at="2021-11-27T12:01:43 IST" duration-ms="1" status="PASS">
          <reporter-output>
          </reporter-output>
        </test-method> <!-- testMethod3 -->
      </class> <!-- com.qa.orange.parallel.TestClass1 -->
    </test> <!-- Test -->
  </suite> <!-- Suite -->
</testng-results>
