<?xml version="1.0" encoding="UTF-8"?>
<testng-results ignored="0" total="4" passed="4" failed="0" skipped="0">
  <reporter-output>
  </reporter-output>
  <suite started-at="2021-11-29T00:36:56 IST" name="Default suite" finished-at="2021-11-29T00:37:33 IST" duration-ms="36836">
    <groups>
    </groups>
    <test started-at="2021-11-29T00:36:56 IST" name="Default test" finished-at="2021-11-29T00:37:33 IST" duration-ms="36836">
      <class name="com.qa.opencart.test.LoginPageTest">
        <test-method is-config="true" signature="setUp()[pri:0, instance:com.qa.opencart.test.LoginPageTest@428640fa]" started-at="2021-11-29T00:36:56 IST" name="setUp" finished-at="2021-11-29T00:37:23 IST" duration-ms="26650" status="PASS">
          <reporter-output>
          </reporter-output>
        </test-method> <!-- setUp -->
        <test-method signature="loginPageTitleTest()[pri:1, instance:com.qa.opencart.test.LoginPageTest@428640fa]" started-at="2021-11-29T00:37:23 IST" name="loginPageTitleTest" finished-at="2021-11-29T00:37:23 IST" duration-ms="36" status="PASS">
          <reporter-output>
          </reporter-output>
        </test-method> <!-- loginPageTitleTest -->
        <test-method signature="forgettonPWdLinkTest()[pri:2, instance:com.qa.opencart.test.LoginPageTest@428640fa]" started-at="2021-11-29T00:37:23 IST" name="forgettonPWdLinkTest" finished-at="2021-11-29T00:37:26 IST" duration-ms="2893" status="PASS">
          <reporter-output>
          </reporter-output>
        </test-method> <!-- forgettonPWdLinkTest -->
        <test-method signature="loginLinkTest()[pri:3, instance:com.qa.opencart.test.LoginPageTest@428640fa]" started-at="2021-11-29T00:37:26 IST" name="loginLinkTest" finished-at="2021-11-29T00:37:26 IST" duration-ms="151" status="PASS">
          <reporter-output>
          </reporter-output>
        </test-method> <!-- loginLinkTest -->
        <test-method signature="loginAppTest()[pri:4, instance:com.qa.opencart.test.LoginPageTest@428640fa]" started-at="2021-11-29T00:37:26 IST" name="loginAppTest" finished-at="2021-11-29T00:37:32 IST" duration-ms="5909" status="PASS">
          <reporter-output>
          </reporter-output>
        </test-method> <!-- loginAppTest -->
        <test-method is-config="true" signature="tearDown()[pri:0, instance:com.qa.opencart.test.LoginPageTest@428640fa]" started-at="2021-11-29T00:37:32 IST" name="tearDown" finished-at="2021-11-29T00:37:33 IST" duration-ms="1092" status="PASS">
          <reporter-output>
          </reporter-output>
        </test-method> <!-- tearDown -->
      </class> <!-- com.qa.opencart.test.LoginPageTest -->
    </test> <!-- Default test -->
  </suite> <!-- Default suite -->
</testng-results>
