<?xml version="1.0" encoding="UTF-8"?>
<!-- Generated by org.testng.reporters.JUnitXMLReporter -->
<testsuite ignored="0" hostname="Asick-PC" failures="0" tests="4" name="Default test" time="36.836" errors="0" timestamp="2021-11-29T00:37:33 IST">
  <testcase classname="com.qa.opencart.test.LoginPageTest" name="loginPageTitleTest" time="0.036"/>
  <testcase classname="com.qa.opencart.test.LoginPageTest" name="forgettonPWdLinkTest" time="2.893"/>
  <testcase classname="com.qa.opencart.test.LoginPageTest" name="loginLinkTest" time="0.151"/>
  <testcase classname="com.qa.opencart.test.LoginPageTest" name="loginAppTest" time="5.909"/>
</testsuite> <!-- Default test -->
