<?xml version="1.0" encoding="UTF-8"?>
<!-- Generated by org.testng.reporters.JUnitXMLReporter -->
<testsuite ignored="1" hostname="Asick-PC" failures="0" tests="2" name="Default test" time="0.104" errors="0" timestamp="2021-11-27T11:57:24 IST">
  <testcase classname="com.qa.attribute.test.IgnoreMissingDependency" name="m2" time="0.013"/>
  <testcase classname="com.qa.attribute.test.IgnoreMissingDependency" name="m3" time="0.002"/>
  <testcase classname="com.qa.attribute.test.IgnoreMissingDependency" name="m1" time="0.0">
    <ignored/>
  </testcase> <!-- m1 -->
</testsuite> <!-- Default test -->
