<?xml version="1.0" encoding="UTF-8"?>
<!-- Generated by org.testng.reporters.JUnitXMLReporter -->
<testsuite ignored="0" hostname="Asick-PC" failures="0" tests="9" name="Test" time="0.219" errors="0" timestamp="2021-11-27T12:01:43 IST">
  <testcase classname="com.qa.orange.parallel.TestClass2" name="testMethod1" time="0.022"/>
  <testcase classname="com.qa.orange.parallel.TestClass2" name="testMethod2" time="0.002"/>
  <testcase classname="com.qa.orange.parallel.TestClass2" name="testMethod3" time="0.002"/>
  <testcase classname="com.qa.orange.parallel.TestClass3" name="testMethod1" time="0.042"/>
  <testcase classname="com.qa.orange.parallel.TestClass3" name="testMethod2" time="0.002"/>
  <testcase classname="com.qa.orange.parallel.TestClass3" name="testMethod3" time="0.001"/>
  <testcase classname="com.qa.orange.parallel.TestClass1" name="testMethod1" time="0.094"/>
  <testcase classname="com.qa.orange.parallel.TestClass1" name="testMethod2" time="0.001"/>
  <testcase classname="com.qa.orange.parallel.TestClass1" name="testMethod3" time="0.001"/>
</testsuite> <!-- Test -->
